2020-10-26 08:05:22,204	INFO services.py:1164 -- View the Ray dashboard at [1m[32mhttp://127.0.0.1:8265[39m[22m
Assuming the default: 30
Running experiments on 30 threads
[2m[36m(pid=10614)[0m Writing output to exp_bound/bin/results27.npz
[2m[36m(pid=10570)[0m Writing output to exp_bound/bin/results29.npz
[2m[36m(pid=10596)[0m Writing output to exp_bound/bin/results24.npz
[2m[36m(pid=10572)[0m Writing output to exp_bound/bin/results3.npz
[2m[36m(pid=10617)[0m Writing output to exp_bound/bin/results23.npz
[2m[36m(pid=10605)[0m Writing output to exp_bound/bin/results30.npz
[2m[36m(pid=10581)[0m Writing output to exp_bound/bin/results18.npz
[2m[36m(pid=10591)[0m Writing output to exp_bound/bin/results12.npz
[2m[36m(pid=10620)[0m Writing output to exp_bound/bin/results10.npz
[2m[36m(pid=10583)[0m Writing output to exp_bound/bin/results7.npz
[2m[36m(pid=10590)[0m Writing output to exp_bound/bin/results26.npz
[2m[36m(pid=10578)[0m Writing output to exp_bound/bin/results22.npz
[2m[36m(pid=10600)[0m Writing output to exp_bound/bin/results1.npz
[2m[36m(pid=10576)[0m Writing output to exp_bound/bin/results11.npz
[2m[36m(pid=10609)[0m Writing output to exp_bound/bin/results8.npz
[2m[36m(pid=10625)[0m Writing output to exp_bound/bin/results5.npz
[2m[36m(pid=10601)[0m Writing output to exp_bound/bin/results28.npz
[2m[36m(pid=10606)[0m Writing output to exp_bound/bin/results13.npz
[2m[36m(pid=10574)[0m Writing output to exp_bound/bin/results14.npz
[2m[36m(pid=10619)[0m Writing output to exp_bound/bin/results9.npz
[2m[36m(pid=10584)[0m Writing output to exp_bound/bin/results17.npz
[2m[36m(pid=10579)[0m Writing output to exp_bound/bin/results6.npz
[2m[36m(pid=10627)[0m Writing output to exp_bound/bin/results21.npz
[2m[36m(pid=10577)[0m Writing output to exp_bound/bin/results20.npz
[2m[36m(pid=10603)[0m Writing output to exp_bound/bin/results4.npz
[2m[36m(pid=10608)[0m Writing output to exp_bound/bin/results25.npz
[2m[36m(pid=10610)[0m Writing output to exp_bound/bin/results2.npz
[2m[36m(pid=10624)[0m Writing output to exp_bound/bin/results15.npz
[2m[36m(pid=10618)[0m Writing output to exp_bound/bin/results19.npz
[2m[36m(pid=10599)[0m Writing output to exp_bound/bin/results16.npz
[2m[36m(pid=10570)[0m [(worker 29/30) simple_logistic   trial 1/1, m 0.2]LS fHat over test data: 1.3159273806, upper bound: 0.0711257003
[2m[36m(pid=10617)[0m [(worker 23/30) simple_logistic   trial 1/1, m 0.2]LS fHat over test data: 1.1000600282, upper bound: 0.0806786867
[2m[36m(pid=10605)[0m [(worker 30/30) simple_logistic   trial 1/1, m 0.2]LS fHat over test data: 1.2243996232, upper bound: 0.0905438229
[2m[36m(pid=10601)[0m [(worker 28/30) simple_logistic   trial 1/1, m 0.2]LS fHat over test data: 1.2485767667, upper bound: 0.0945507139
[2m[36m(pid=10600)[0m [(worker 1/30) simple_logistic   trial 1/1, m 0.2]LS fHat over test data: 1.2986579924, upper bound: 0.0735659730
[2m[36m(pid=10618)[0m [(worker 19/30) simple_logistic   trial 1/1, m 0.2]LS fHat over test data: 1.3038388089, upper bound: 0.0790884653
[2m[36m(pid=10608)[0m [(worker 25/30) simple_logistic   trial 1/1, m 0.2]LS fHat over test data: 1.2831155431, upper bound: 0.0751718697
[2m[36m(pid=10577)[0m [(worker 20/30) simple_logistic   trial 1/1, m 0.2]LS fHat over test data: 1.2313073785, upper bound: 0.0921500721
[2m[36m(pid=10583)[0m [(worker 7/30) simple_logistic   trial 1/1, m 0.2]LS fHat over test data: 1.1984955409, upper bound: 0.0740387515
[2m[36m(pid=10624)[0m [(worker 15/30) simple_logistic   trial 1/1, m 0.2]LS fHat over test data: 1.2209457456, upper bound: 0.0872210694
[2m[36m(pid=10609)[0m [(worker 8/30) simple_logistic   trial 1/1, m 0.2]LS fHat over test data: 1.1933147244, upper bound: 0.0894391633
[2m[36m(pid=10614)[0m [(worker 27/30) simple_logistic   trial 1/1, m 0.2]LS fHat over test data: 1.1587759480, upper bound: 0.0699899408
[2m[36m(pid=10572)[0m [(worker 3/30) simple_logistic   trial 1/1, m 0.2]LS fHat over test data: 1.2537575831, upper bound: 0.0687868089
[2m[36m(pid=10620)[0m [(worker 10/30) simple_logistic   trial 1/1, m 0.2]LS fHat over test data: 1.2226726844, upper bound: 0.0840128058
[2m[36m(pid=10603)[0m [(worker 4/30) simple_logistic   trial 1/1, m 0.2]LS fHat over test data: 1.2848424819, upper bound: 0.0889855112
[2m[36m(pid=10606)[0m [(worker 13/30) simple_logistic   trial 1/1, m 0.2]LS fHat over test data: 1.2727539102, upper bound: 0.0849025088
[2m[36m(pid=10579)[0m [(worker 6/30) simple_logistic   trial 1/1, m 0.2]LS fHat over test data: 1.2174918679, upper bound: 0.0894882283
[2m[36m(pid=10574)[0m [(worker 14/30) simple_logistic   trial 1/1, m 0.2]LS fHat over test data: 1.1691375810, upper bound: 0.0776720719
[2m[36m(pid=10610)[0m [(worker 2/30) simple_logistic   trial 1/1, m 0.2]LS fHat over test data: 1.1846800303, upper bound: 0.0846000492
[2m[36m(pid=10627)[0m [(worker 21/30) simple_logistic   trial 1/1, m 0.2]LS fHat over test data: 1.3262890136, upper bound: 0.0830104653
[2m[36m(pid=10596)[0m [(worker 24/30) simple_logistic   trial 1/1, m 0.2]LS fHat over test data: 1.2140379903, upper bound: 0.0623136853
[2m[36m(pid=10581)[0m [(worker 18/30) simple_logistic   trial 1/1, m 0.2]LS fHat over test data: 1.2537575831, upper bound: 0.0785494309
[2m[36m(pid=10599)[0m [(worker 16/30) simple_logistic   trial 1/1, m 0.2]LS fHat over test data: 1.3124735030, upper bound: 0.0864871190
[2m[36m(pid=10625)[0m [(worker 5/30) simple_logistic   trial 1/1, m 0.2]LS fHat over test data: 1.1691375810, upper bound: 0.0952738198
[2m[36m(pid=10591)[0m [(worker 12/30) simple_logistic   trial 1/1, m 0.2]LS fHat over test data: 1.2658461549, upper bound: 0.0806219630
[2m[36m(pid=10578)[0m [(worker 22/30) simple_logistic   trial 1/1, m 0.2]LS fHat over test data: 1.1933147244, upper bound: 0.0833017277
[2m[36m(pid=10619)[0m [(worker 9/30) simple_logistic   trial 1/1, m 0.2]LS fHat over test data: 1.2554845220, upper bound: 0.0804402483
[2m[36m(pid=10576)[0m [(worker 11/30) simple_logistic   trial 1/1, m 0.2]LS fHat over test data: 1.2589383996, upper bound: 0.0677709139
[2m[36m(pid=10584)[0m [(worker 17/30) simple_logistic   trial 1/1, m 0.2]LS fHat over test data: 1.2744808490, upper bound: 0.0698759475
[2m[36m(pid=10590)[0m [(worker 26/30) simple_logistic   trial 1/1, m 0.2]LS fHat over test data: 1.2330343173, upper bound: 0.0980297222
[2m[36m(pid=10617)[0m Initial LS upperbound:  0.0996228003282956
[2m[36m(pid=10605)[0m Initial LS upperbound:  0.10719174719578167
[2m[36m(pid=10600)[0m Initial LS upperbound:  0.08324093973910993
[2m[36m(pid=10618)[0m Initial LS upperbound:  0.11270141293642355
[2m[36m(pid=10570)[0m Initial LS upperbound:  0.09509208449257114
[2m[36m(pid=10577)[0m Initial LS upperbound:  0.08643953133952734
[2m[36m(pid=10583)[0m Initial LS upperbound:  0.08959837081856173
[2m[36m(pid=10608)[0m Initial LS upperbound:  0.08805035112145751
[2m[36m(pid=10614)[0m Initial LS upperbound:  0.10149058867473543
[2m[36m(pid=10609)[0m Initial LS upperbound:  0.11059724356173353
[2m[36m(pid=10624)[0m Initial LS upperbound:  0.06876498437187875
[2m[36m(pid=10601)[0m Initial LS upperbound:  0.10473072595889776
[2m[36m(pid=10572)[0m Initial LS upperbound:  0.12596830430200717
[2m[36m(pid=10620)[0m Initial LS upperbound:  0.11005822350509684
[2m[36m(pid=10610)[0m Initial LS upperbound:  0.10460485681747028
[2m[36m(pid=10627)[0m Initial LS upperbound:  0.09421350817589527
[2m[36m(pid=10606)[0m Initial LS upperbound:  0.08785571891736943
[2m[36m(pid=10581)[0m Initial LS upperbound:  0.1242673623993992
[2m[36m(pid=10596)[0m Initial LS upperbound:  0.10936577063284261
[2m[36m(pid=10599)[0m Initial LS upperbound:  0.08686329714343319
[2m[36m(pid=10603)[0m Initial LS upperbound:  0.11869112970043547
[2m[36m(pid=10579)[0m Initial LS upperbound:  0.11608515901251867
[2m[36m(pid=10591)[0m Initial LS upperbound:  0.10208497751211035
[2m[36m(pid=10578)[0m Initial LS upperbound:  0.055313612287281266
[2m[36m(pid=10574)[0m Initial LS upperbound:  0.08466346696996171
[2m[36m(pid=10625)[0m Initial LS upperbound:  0.10041462285862582
