2020-10-26 08:01:14,168	INFO services.py:1164 -- View the Ray dashboard at [1m[32mhttp://127.0.0.1:8265[39m[22m
Assuming the default: 30
Running experiments on 30 threads
[2m[36m(pid=55637)[0m Writing output to exp_base/bin/results10.npz
[2m[36m(pid=55620)[0m Writing output to exp_base/bin/results11.npz
[2m[36m(pid=55649)[0m Writing output to exp_base/bin/results6.npz
[2m[36m(pid=55608)[0m Writing output to exp_base/bin/results4.npz
[2m[36m(pid=55600)[0m Writing output to exp_base/bin/results2.npz
[2m[36m(pid=55599)[0m Writing output to exp_base/bin/results13.npz
[2m[36m(pid=55612)[0m Writing output to exp_base/bin/results3.npz
[2m[36m(pid=55601)[0m Writing output to exp_base/bin/results30.npz
[2m[36m(pid=55632)[0m Writing output to exp_base/bin/results9.npz
[2m[36m(pid=55626)[0m Writing output to exp_base/bin/results21.npz
[2m[36m(pid=55631)[0m Writing output to exp_base/bin/results12.npz
[2m[36m(pid=55613)[0m Writing output to exp_base/bin/results24.npz
[2m[36m(pid=55623)[0m Writing output to exp_base/bin/results5.npz
[2m[36m(pid=55614)[0m Writing output to exp_base/bin/results14.npz
[2m[36m(pid=55610)[0m Writing output to exp_base/bin/results19.npz
[2m[36m(pid=55622)[0m Writing output to exp_base/bin/results8.npz
[2m[36m(pid=55640)[0m Writing output to exp_base/bin/results17.npz
[2m[36m(pid=55595)[0m Writing output to exp_base/bin/results29.npz
[2m[36m(pid=55606)[0m Writing output to exp_base/bin/results23.npz
[2m[36m(pid=55642)[0m Writing output to exp_base/bin/results18.npz
[2m[36m(pid=55621)[0m Writing output to exp_base/bin/results15.npz
[2m[36m(pid=55636)[0m Writing output to exp_base/bin/results22.npz
[2m[36m(pid=55629)[0m Writing output to exp_base/bin/results25.npz
[2m[36m(pid=55647)[0m Writing output to exp_base/bin/results28.npz
[2m[36m(pid=55641)[0m Writing output to exp_base/bin/results16.npz
[2m[36m(pid=55609)[0m Writing output to exp_base/bin/results27.npz
[2m[36m(pid=55618)[0m Writing output to exp_base/bin/results1.npz
[2m[36m(pid=55630)[0m Writing output to exp_base/bin/results7.npz
[2m[36m(pid=55619)[0m Writing output to exp_base/bin/results26.npz
[2m[36m(pid=55604)[0m Writing output to exp_base/bin/results20.npz
[2m[36m(pid=55641)[0m [(worker 16/30) simple_logistic   trial 1/1, m 0.2]LS fHat over test data: 1.3072926865, upper bound: 0.0865570860
[2m[36m(pid=55608)[0m [(worker 4/30) simple_logistic   trial 1/1, m 0.2]LS fHat over test data: 1.2952041148, upper bound: 0.0890812448
[2m[36m(pid=55649)[0m [(worker 6/30) simple_logistic   trial 1/1, m 0.2]LS fHat over test data: 1.2364881949, upper bound: 0.0899847880
[2m[36m(pid=55599)[0m [(worker 13/30) simple_logistic   trial 1/1, m 0.2]LS fHat over test data: 1.2779347266, upper bound: 0.0850617176
[2m[36m(pid=55632)[0m [(worker 9/30) simple_logistic   trial 1/1, m 0.2]LS fHat over test data: 1.2520306443, upper bound: 0.0815601156
[2m[36m(pid=55600)[0m [(worker 2/30) simple_logistic   trial 1/1, m 0.2]LS fHat over test data: 1.1829530915, upper bound: 0.0846997501
[2m[36m(pid=55626)[0m [(worker 21/30) simple_logistic   trial 1/1, m 0.2]LS fHat over test data: 1.3228351359, upper bound: 0.0834412739
[2m[36m(pid=55620)[0m [(worker 11/30) simple_logistic   trial 1/1, m 0.2]LS fHat over test data: 1.2572114608, upper bound: 0.0678702582
[2m[36m(pid=55621)[0m [(worker 15/30) simple_logistic   trial 1/1, m 0.2]LS fHat over test data: 1.2192188067, upper bound: 0.0870922289
[2m[36m(pid=55618)[0m [(worker 1/30) simple_logistic   trial 1/1, m 0.2]LS fHat over test data: 1.2917502372, upper bound: 0.0739672169
[2m[36m(pid=55636)[0m [(worker 22/30) simple_logistic   trial 1/1, m 0.2]LS fHat over test data: 1.1881339080, upper bound: 0.0833724871
[2m[36m(pid=55629)[0m [(worker 25/30) simple_logistic   trial 1/1, m 0.2]LS fHat over test data: 1.2900232983, upper bound: 0.0761546764
[2m[36m(pid=55622)[0m [(worker 8/30) simple_logistic   trial 1/1, m 0.2]LS fHat over test data: 1.2019494185, upper bound: 0.0896257476
[2m[36m(pid=55637)[0m [(worker 10/30) simple_logistic   trial 1/1, m 0.2]LS fHat over test data: 1.2226726844, upper bound: 0.0840128058
[2m[36m(pid=55619)[0m [(worker 26/30) simple_logistic   trial 1/1, m 0.2]LS fHat over test data: 1.2382151338, upper bound: 0.0981896862
[2m[36m(pid=55630)[0m [(worker 7/30) simple_logistic   trial 1/1, m 0.2]LS fHat over test data: 1.2036763574, upper bound: 0.0748911145
[2m[36m(pid=55610)[0m [(worker 19/30) simple_logistic   trial 1/1, m 0.2]LS fHat over test data: 1.3072926865, upper bound: 0.0798079551
[2m[36m(pid=55614)[0m [(worker 14/30) simple_logistic   trial 1/1, m 0.2]LS fHat over test data: 1.1656837033, upper bound: 0.0781006579
[2m[36m(pid=55606)[0m [(worker 23/30) simple_logistic   trial 1/1, m 0.2]LS fHat over test data: 1.1000600282, upper bound: 0.0809088587
[2m[36m(pid=55613)[0m [(worker 24/30) simple_logistic   trial 1/1, m 0.2]LS fHat over test data: 1.2157649291, upper bound: 0.0619841001
[2m[36m(pid=55609)[0m [(worker 27/30) simple_logistic   trial 1/1, m 0.2]LS fHat over test data: 1.1605028869, upper bound: 0.0703503592
[2m[36m(pid=55623)[0m [(worker 5/30) simple_logistic   trial 1/1, m 0.2]LS fHat over test data: 1.1777722751, upper bound: 0.0952340438
[2m[36m(pid=55642)[0m [(worker 18/30) simple_logistic   trial 1/1, m 0.2]LS fHat over test data: 1.2675730937, upper bound: 0.0779804260
[2m[36m(pid=55631)[0m [(worker 12/30) simple_logistic   trial 1/1, m 0.2]LS fHat over test data: 1.2623922772, upper bound: 0.0803631535
[2m[36m(pid=55647)[0m [(worker 28/30) simple_logistic   trial 1/1, m 0.2]LS fHat over test data: 1.2537575831, upper bound: 0.0949402465
[2m[36m(pid=55595)[0m [(worker 29/30) simple_logistic   trial 1/1, m 0.2]LS fHat over test data: 1.3211081971, upper bound: 0.0715162862
[2m[36m(pid=55612)[0m [(worker 3/30) simple_logistic   trial 1/1, m 0.2]LS fHat over test data: 1.2503037055, upper bound: 0.0685267829
[2m[36m(pid=55604)[0m [(worker 20/30) simple_logistic   trial 1/1, m 0.2]LS fHat over test data: 1.2295804397, upper bound: 0.0927108556
[2m[36m(pid=55601)[0m [(worker 30/30) simple_logistic   trial 1/1, m 0.2]LS fHat over test data: 1.2209457456, upper bound: 0.0905111967
[2m[36m(pid=55640)[0m [(worker 17/30) simple_logistic   trial 1/1, m 0.2]LS fHat over test data: 1.2744808490, upper bound: 0.0694148395
[2m[36m(pid=55632)[0m Initial LS upperbound:  0.07400119083124257
[2m[36m(pid=55641)[0m Initial LS upperbound:  0.08831400701048628
[2m[36m(pid=55608)[0m Initial LS upperbound:  0.11892314189018574
[2m[36m(pid=55649)[0m Initial LS upperbound:  0.11950937550715024
[2m[36m(pid=55599)[0m Initial LS upperbound:  0.09163289389808668
[2m[36m(pid=55629)[0m Initial LS upperbound:  0.09164570825722157
[2m[36m(pid=55622)[0m Initial LS upperbound:  0.11334237198947675
[2m[36m(pid=55621)[0m Initial LS upperbound:  0.07039636336912095
[2m[36m(pid=55636)[0m Initial LS upperbound:  0.057910107914319386
[2m[36m(pid=55614)[0m Initial LS upperbound:  0.08726320475326599
[2m[36m(pid=55620)[0m Initial LS upperbound:  0.10293895680139711
[2m[36m(pid=55618)[0m Initial LS upperbound:  0.08568571819486129
[2m[36m(pid=55626)[0m Initial LS upperbound:  0.09509291703183412
[2m[36m(pid=55600)[0m Initial LS upperbound:  0.10648379553858306
[2m[36m(pid=55619)[0m Initial LS upperbound:  0.11517720654307909
[2m[36m(pid=55637)[0m Initial LS upperbound:  0.11265894877452265
[2m[36m(pid=55630)[0m Initial LS upperbound:  0.09112421798940593
[2m[36m(pid=55610)[0m Initial LS upperbound:  0.1162895201374275
[2m[36m(pid=55623)[0m Initial LS upperbound:  0.10218936064193018
[2m[36m(pid=55606)[0m Initial LS upperbound:  0.1008221487268654
[2m[36m(pid=55613)[0m Initial LS upperbound:  0.11210370920646556
[2m[36m(pid=55609)[0m Initial LS upperbound:  0.10326532645803982
[2m[36m(pid=55631)[0m Initial LS upperbound:  0.10461084198544979
[2m[36m(pid=55642)[0m Initial LS upperbound:  0.1260421001827036
[2m[36m(pid=55647)[0m Initial LS upperbound:  0.10657917036534198
[2m[36m(pid=55595)[0m Initial LS upperbound:  0.09686682227587551
