2020-10-26 08:45:00,005	INFO services.py:1164 -- View the Ray dashboard at [1m[32mhttp://127.0.0.1:8265[39m[22m
Assuming the default: 30
Running experiments on 30 threads
[2m[36m(pid=37436)[0m Writing output to exp/exp_opt/bin/results27.npz
[2m[36m(pid=37399)[0m Writing output to exp/exp_opt/bin/results2.npz
[2m[36m(pid=37410)[0m Writing output to exp/exp_opt/bin/results12.npz
[2m[36m(pid=37392)[0m Writing output to exp/exp_opt/bin/results26.npz
[2m[36m(pid=37404)[0m Writing output to exp/exp_opt/bin/results11.npz
[2m[36m(pid=37438)[0m Writing output to exp/exp_opt/bin/results30.npz
[2m[36m(pid=37440)[0m Writing output to exp/exp_opt/bin/results16.npz
[2m[36m(pid=37448)[0m Writing output to exp/exp_opt/bin/results15.npz
[2m[36m(pid=37429)[0m Writing output to exp/exp_opt/bin/results24.npz
[2m[36m(pid=37428)[0m Writing output to exp/exp_opt/bin/results9.npz
[2m[36m(pid=37432)[0m Writing output to exp/exp_opt/bin/results13.npz
[2m[36m(pid=37406)[0m Writing output to exp/exp_opt/bin/results25.npz
[2m[36m(pid=37431)[0m Writing output to exp/exp_opt/bin/results20.npz
[2m[36m(pid=37398)[0m Writing output to exp/exp_opt/bin/results21.npz
[2m[36m(pid=37407)[0m Writing output to exp/exp_opt/bin/results28.npz
[2m[36m(pid=37411)[0m Writing output to exp/exp_opt/bin/results14.npz
[2m[36m(pid=37412)[0m Writing output to exp/exp_opt/bin/results7.npz
[2m[36m(pid=37394)[0m Writing output to exp/exp_opt/bin/results29.npz
[2m[36m(pid=37426)[0m Writing output to exp/exp_opt/bin/results3.npz
[2m[36m(pid=37400)[0m Writing output to exp/exp_opt/bin/results23.npz
[2m[36m(pid=37393)[0m Writing output to exp/exp_opt/bin/results5.npz
[2m[36m(pid=37442)[0m Writing output to exp/exp_opt/bin/results22.npz
[2m[36m(pid=37430)[0m Writing output to exp/exp_opt/bin/results6.npz
[2m[36m(pid=37417)[0m Writing output to exp/exp_opt/bin/results10.npz
[2m[36m(pid=37435)[0m Writing output to exp/exp_opt/bin/results17.npz
[2m[36m(pid=37409)[0m Writing output to exp/exp_opt/bin/results18.npz
[2m[36m(pid=37413)[0m Writing output to exp/exp_opt/bin/results1.npz
[2m[36m(pid=37416)[0m Writing output to exp/exp_opt/bin/results19.npz
[2m[36m(pid=37402)[0m Writing output to exp/exp_opt/bin/results8.npz
[2m[36m(pid=37441)[0m Writing output to exp/exp_opt/bin/results4.npz
[2m[36m(pid=37410)[0m [(worker 12/30) simple_logistic   trial 1/1, m 0.2]LS fHat over test data: 1.6492265729, upper bound: 0.1064820869
[2m[36m(pid=37438)[0m [(worker 30/30) simple_logistic   trial 1/1, m 0.2]LS fHat over test data: 1.5369755496, upper bound: 0.1063286066
[2m[36m(pid=37440)[0m [(worker 16/30) simple_logistic   trial 1/1, m 0.2]LS fHat over test data: 1.6060531024, upper bound: 0.0851132048
[2m[36m(pid=37399)[0m [(worker 2/30) simple_logistic   trial 1/1, m 0.2]LS fHat over test data: 1.4419939145, upper bound: 0.1014048668
[2m[36m(pid=37410)[0m Initial LS upperbound:  0.12522358699359998
[2m[36m(pid=37438)[0m Initial LS upperbound:  0.131092521617861
[2m[36m(pid=37436)[0m [(worker 27/30) simple_logistic   trial 1/1, m 0.2]LS fHat over test data: 1.4678979968, upper bound: 0.0882711296
[2m[36m(pid=37440)[0m Initial LS upperbound:  0.12531436872578566
[2m[36m(pid=37392)[0m [(worker 26/30) simple_logistic   trial 1/1, m 0.2]LS fHat over test data: 1.5801490201, upper bound: 0.1137090439
[2m[36m(pid=37399)[0m Initial LS upperbound:  0.11928124715533606
[2m[36m(pid=37404)[0m [(worker 11/30) simple_logistic   trial 1/1, m 0.2]LS fHat over test data: 1.6146877965, upper bound: 0.0704748967
[2m[36m(pid=37436)[0m Initial LS upperbound:  0.137250622197119
[2m[36m(pid=37435)[0m [(worker 17/30) simple_logistic   trial 1/1, m 0.2]LS fHat over test data: 1.4981194261, upper bound: 0.0738985745
[2m[36m(pid=37392)[0m Initial LS upperbound:  0.12647499305852258
[2m[36m(pid=37409)[0m [(worker 18/30) simple_logistic   trial 1/1, m 0.2]LS fHat over test data: 1.5844663671, upper bound: 0.0921599916
[2m[36m(pid=37394)[0m [(worker 29/30) simple_logistic   trial 1/1, m 0.2]LS fHat over test data: 1.6621786140, upper bound: 0.1019854861
[2m[36m(pid=37398)[0m [(worker 21/30) simple_logistic   trial 1/1, m 0.2]LS fHat over test data: 1.6103704494, upper bound: 0.1114427837
[2m[36m(pid=37404)[0m Initial LS upperbound:  0.10419186533586519
[2m[36m(pid=37441)[0m [(worker 4/30) simple_logistic   trial 1/1, m 0.2]LS fHat over test data: 1.6708133081, upper bound: 0.1041537496
[2m[36m(pid=37448)[0m [(worker 15/30) simple_logistic   trial 1/1, m 0.2]LS fHat over test data: 1.5283408555, upper bound: 0.0894480169
[2m[36m(pid=37430)[0m [(worker 6/30) simple_logistic   trial 1/1, m 0.2]LS fHat over test data: 1.5715143260, upper bound: 0.1231964263
[2m[36m(pid=37406)[0m [(worker 25/30) simple_logistic   trial 1/1, m 0.2]LS fHat over test data: 1.7096694315, upper bound: 0.1067794227
[2m[36m(pid=37426)[0m [(worker 3/30) simple_logistic   trial 1/1, m 0.2]LS fHat over test data: 1.4894847320, upper bound: 0.0859347842
[2m[36m(pid=37400)[0m [(worker 23/30) simple_logistic   trial 1/1, m 0.2]LS fHat over test data: 1.3642816676, upper bound: 0.0938376363
[2m[36m(pid=37417)[0m [(worker 10/30) simple_logistic   trial 1/1, m 0.2]LS fHat over test data: 1.5585622848, upper bound: 0.1166457715
[2m[36m(pid=37429)[0m [(worker 24/30) simple_logistic   trial 1/1, m 0.2]LS fHat over test data: 1.5369755496, upper bound: 0.0570015261
[2m[36m(pid=37407)[0m [(worker 28/30) simple_logistic   trial 1/1, m 0.2]LS fHat over test data: 1.5412928966, upper bound: 0.1170835568
[2m[36m(pid=37412)[0m [(worker 7/30) simple_logistic   trial 1/1, m 0.2]LS fHat over test data: 1.5067541202, upper bound: 0.1008864290
[2m[36m(pid=37432)[0m [(worker 13/30) simple_logistic   trial 1/1, m 0.2]LS fHat over test data: 1.5844663671, upper bound: 0.1048250775
[2m[36m(pid=37413)[0m [(worker 1/30) simple_logistic   trial 1/1, m 0.2]LS fHat over test data: 1.7096694315, upper bound: 0.1116977725
[2m[36m(pid=37416)[0m [(worker 19/30) simple_logistic   trial 1/1, m 0.2]LS fHat over test data: 1.5715143260, upper bound: 0.0956167637
[2m[36m(pid=37442)[0m [(worker 22/30) simple_logistic   trial 1/1, m 0.2]LS fHat over test data: 1.5197061614, upper bound: 0.0861473945
[2m[36m(pid=37393)[0m [(worker 5/30) simple_logistic   trial 1/1, m 0.2]LS fHat over test data: 1.4376765674, upper bound: 0.1285711045
[2m[36m(pid=37428)[0m [(worker 9/30) simple_logistic   trial 1/1, m 0.2]LS fHat over test data: 1.5197061614, upper bound: 0.0937605132
[2m[36m(pid=37431)[0m [(worker 20/30) simple_logistic   trial 1/1, m 0.2]LS fHat over test data: 1.4376765674, upper bound: 0.1229174360
[2m[36m(pid=37411)[0m [(worker 14/30) simple_logistic   trial 1/1, m 0.2]LS fHat over test data: 1.4894847320, upper bound: 0.1052598684
[2m[36m(pid=37402)[0m [(worker 8/30) simple_logistic   trial 1/1, m 0.2]LS fHat over test data: 1.5542449378, upper bound: 0.1171868828
[2m[36m(pid=37435)[0m Initial LS upperbound:  0.13635794347085778
[2m[36m(pid=37448)[0m Initial LS upperbound:  0.07417003717658191
[2m[36m(pid=37409)[0m Initial LS upperbound:  0.1589969888736147
[2m[36m(pid=37394)[0m Initial LS upperbound:  0.1398586961048942
[2m[36m(pid=37430)[0m Initial LS upperbound:  0.1058871134102855
[2m[36m(pid=37406)[0m Initial LS upperbound:  0.1337984346496212
[2m[36m(pid=37441)[0m Initial LS upperbound:  0.15298954829479866
[2m[36m(pid=37429)[0m Initial LS upperbound:  0.1853733522786496
[2m[36m(pid=37417)[0m Initial LS upperbound:  0.16008390460363553
[2m[36m(pid=37398)[0m Initial LS upperbound:  0.13598504730366942
[2m[36m(pid=37426)[0m Initial LS upperbound:  0.13145954796964524
[2m[36m(pid=37432)[0m Initial LS upperbound:  0.12155085120823919
[2m[36m(pid=37407)[0m Initial LS upperbound:  0.14184327324144458
[2m[36m(pid=37400)[0m Initial LS upperbound:  0.10555261063890872
[2m[36m(pid=37412)[0m Initial LS upperbound:  0.0987844099905672
[2m[36m(pid=37413)[0m Initial LS upperbound:  0.0694679720621928
[2m[36m(pid=37442)[0m Initial LS upperbound:  0.06959515487390189
[2m[36m(pid=37416)[0m Initial LS upperbound:  0.1535139351627948
