2020-10-26 08:44:46,799	INFO services.py:1164 -- View the Ray dashboard at [1m[32mhttp://127.0.0.1:8265[39m[22m
Assuming the default: 30
Running experiments on 30 threads
[2m[36m(pid=36360)[0m Writing output to exp/exp_const/bin/results13.npz
[2m[36m(pid=36340)[0m Writing output to exp/exp_const/bin/results5.npz
[2m[36m(pid=36359)[0m Writing output to exp/exp_const/bin/results4.npz
[2m[36m(pid=36342)[0m Writing output to exp/exp_const/bin/results3.npz
[2m[36m(pid=36316)[0m Writing output to exp/exp_const/bin/results19.npz
[2m[36m(pid=36332)[0m Writing output to exp/exp_const/bin/results30.npz
[2m[36m(pid=36315)[0m Writing output to exp/exp_const/bin/results22.npz
[2m[36m(pid=36347)[0m Writing output to exp/exp_const/bin/results14.npz
[2m[36m(pid=36307)[0m Writing output to exp/exp_const/bin/results24.npz
[2m[36m(pid=36327)[0m Writing output to exp/exp_const/bin/results7.npz
[2m[36m(pid=36308)[0m Writing output to exp/exp_const/bin/results23.npz
[2m[36m(pid=36321)[0m Writing output to exp/exp_const/bin/results16.npz
[2m[36m(pid=36355)[0m Writing output to exp/exp_const/bin/results2.npz
[2m[36m(pid=36333)[0m Writing output to exp/exp_const/bin/results6.npz
[2m[36m(pid=36324)[0m Writing output to exp/exp_const/bin/results28.npz
[2m[36m(pid=36328)[0m Writing output to exp/exp_const/bin/results21.npz
[2m[36m(pid=36326)[0m Writing output to exp/exp_const/bin/results9.npz
[2m[36m(pid=36336)[0m Writing output to exp/exp_const/bin/results1.npz
[2m[36m(pid=36313)[0m Writing output to exp/exp_const/bin/results20.npz
[2m[36m(pid=36353)[0m Writing output to exp/exp_const/bin/results10.npz
[2m[36m(pid=36357)[0m Writing output to exp/exp_const/bin/results8.npz
[2m[36m(pid=36335)[0m Writing output to exp/exp_const/bin/results26.npz
[2m[36m(pid=36337)[0m Writing output to exp/exp_const/bin/results15.npz
[2m[36m(pid=36350)[0m Writing output to exp/exp_const/bin/results29.npz
[2m[36m(pid=36361)[0m Writing output to exp/exp_const/bin/results25.npz
[2m[36m(pid=36317)[0m Writing output to exp/exp_const/bin/results11.npz
[2m[36m(pid=36345)[0m Writing output to exp/exp_const/bin/results12.npz
[2m[36m(pid=36318)[0m Writing output to exp/exp_const/bin/results18.npz
[2m[36m(pid=36314)[0m Writing output to exp/exp_const/bin/results17.npz
[2m[36m(pid=36349)[0m Writing output to exp/exp_const/bin/results27.npz
[2m[36m(pid=36318)[0m [(worker 18/30) simple_logistic   trial 1/1, m 0.2]LS fHat over test data: 1.5844663671, upper bound: 0.0921599916
[2m[36m(pid=36317)[0m [(worker 11/30) simple_logistic   trial 1/1, m 0.2]LS fHat over test data: 1.6060531024, upper bound: 0.0698136556
[2m[36m(pid=36349)[0m [(worker 27/30) simple_logistic   trial 1/1, m 0.2]LS fHat over test data: 1.4592633027, upper bound: 0.0870433935
[2m[36m(pid=36335)[0m [(worker 26/30) simple_logistic   trial 1/1, m 0.2]LS fHat over test data: 1.5671969789, upper bound: 0.1133200105
[2m[36m(pid=36360)[0m [(worker 13/30) simple_logistic   trial 1/1, m 0.2]LS fHat over test data: 1.5456102437, upper bound: 0.1059059467
[2m[36m(pid=36345)[0m [(worker 12/30) simple_logistic   trial 1/1, m 0.2]LS fHat over test data: 1.6535439199, upper bound: 0.1062307043
[2m[36m(pid=36342)[0m [(worker 3/30) simple_logistic   trial 1/1, m 0.2]LS fHat over test data: 1.4808500379, upper bound: 0.0858576269
[2m[36m(pid=36313)[0m [(worker 20/30) simple_logistic   trial 1/1, m 0.2]LS fHat over test data: 1.4290418733, upper bound: 0.1240010188
[2m[36m(pid=36353)[0m [(worker 10/30) simple_logistic   trial 1/1, m 0.2]LS fHat over test data: 1.5671969789, upper bound: 0.1167180419
[2m[36m(pid=36332)[0m [(worker 30/30) simple_logistic   trial 1/1, m 0.2]LS fHat over test data: 1.5326582025, upper bound: 0.1065791704
[2m[36m(pid=36357)[0m [(worker 8/30) simple_logistic   trial 1/1, m 0.2]LS fHat over test data: 1.5715143260, upper bound: 0.1167634943
[2m[36m(pid=36340)[0m [(worker 5/30) simple_logistic   trial 1/1, m 0.2]LS fHat over test data: 1.4506286086, upper bound: 0.1289565813
[2m[36m(pid=36326)[0m [(worker 9/30) simple_logistic   trial 1/1, m 0.2]LS fHat over test data: 1.5240235084, upper bound: 0.0946653381
[2m[36m(pid=36327)[0m [(worker 7/30) simple_logistic   trial 1/1, m 0.2]LS fHat over test data: 1.5024367732, upper bound: 0.0988351812
[2m[36m(pid=36350)[0m [(worker 29/30) simple_logistic   trial 1/1, m 0.2]LS fHat over test data: 1.6449092258, upper bound: 0.1006874332
[2m[36m(pid=36308)[0m [(worker 23/30) simple_logistic   trial 1/1, m 0.2]LS fHat over test data: 1.3729163617, upper bound: 0.0939057461
[2m[36m(pid=36316)[0m [(worker 19/30) simple_logistic   trial 1/1, m 0.2]LS fHat over test data: 1.5715143260, upper bound: 0.0944687265
[2m[36m(pid=36314)[0m [(worker 17/30) simple_logistic   trial 1/1, m 0.2]LS fHat over test data: 1.4981194261, upper bound: 0.0738985745
[2m[36m(pid=36355)[0m [(worker 2/30) simple_logistic   trial 1/1, m 0.2]LS fHat over test data: 1.4463112615, upper bound: 0.1011570354
[2m[36m(pid=36359)[0m [(worker 4/30) simple_logistic   trial 1/1, m 0.2]LS fHat over test data: 1.6621786140, upper bound: 0.1040804739
[2m[36m(pid=36307)[0m [(worker 24/30) simple_logistic   trial 1/1, m 0.2]LS fHat over test data: 1.5326582025, upper bound: 0.0578232839
[2m[36m(pid=36324)[0m [(worker 28/30) simple_logistic   trial 1/1, m 0.2]LS fHat over test data: 1.5326582025, upper bound: 0.1158658601
[2m[36m(pid=36361)[0m [(worker 25/30) simple_logistic   trial 1/1, m 0.2]LS fHat over test data: 1.7398908609, upper bound: 0.1084904654
[2m[36m(pid=36337)[0m [(worker 15/30) simple_logistic   trial 1/1, m 0.2]LS fHat over test data: 1.5412928966, upper bound: 0.0898399487
[2m[36m(pid=36328)[0m [(worker 21/30) simple_logistic   trial 1/1, m 0.2]LS fHat over test data: 1.6233224906, upper bound: 0.1124071754
[2m[36m(pid=36315)[0m [(worker 22/30) simple_logistic   trial 1/1, m 0.2]LS fHat over test data: 1.5067541202, upper bound: 0.0868931067
[2m[36m(pid=36318)[0m Initial LS upperbound:  0.1670729104747795
[2m[36m(pid=36347)[0m [(worker 14/30) simple_logistic   trial 1/1, m 0.2]LS fHat over test data: 1.4635806497, upper bound: 0.1050374554
[2m[36m(pid=36336)[0m [(worker 1/30) simple_logistic   trial 1/1, m 0.2]LS fHat over test data: 1.7312561668, upper bound: 0.1110425001
[2m[36m(pid=36333)[0m [(worker 6/30) simple_logistic   trial 1/1, m 0.2]LS fHat over test data: 1.5931010612, upper bound: 0.1219376146
[2m[36m(pid=36321)[0m [(worker 16/30) simple_logistic   trial 1/1, m 0.2]LS fHat over test data: 1.6060531024, upper bound: 0.0851132048
[2m[36m(pid=36335)[0m Initial LS upperbound:  0.13211741780209096
[2m[36m(pid=36317)[0m Initial LS upperbound:  0.11055766323174493
[2m[36m(pid=36349)[0m Initial LS upperbound:  0.14037728417483208
[2m[36m(pid=36332)[0m Initial LS upperbound:  0.13384255223581434
[2m[36m(pid=36345)[0m Initial LS upperbound:  0.12834483685574355
[2m[36m(pid=36313)[0m Initial LS upperbound:  0.14160069857897922
[2m[36m(pid=36342)[0m Initial LS upperbound:  0.13394834633267086
[2m[36m(pid=36360)[0m Initial LS upperbound:  0.12236705000730405
[2m[36m(pid=36353)[0m Initial LS upperbound:  0.1673187213692684
[2m[36m(pid=36357)[0m Initial LS upperbound:  0.14329037208720063
[2m[36m(pid=36340)[0m Initial LS upperbound:  0.1314302853788151
[2m[36m(pid=36326)[0m Initial LS upperbound:  0.1008504043956199
[2m[36m(pid=36316)[0m Initial LS upperbound:  0.15769628412621117
[2m[36m(pid=36359)[0m Initial LS upperbound:  0.1556679372802915
[2m[36m(pid=36314)[0m Initial LS upperbound:  0.14005989675408043
[2m[36m(pid=36308)[0m Initial LS upperbound:  0.11300976174935531
[2m[36m(pid=36350)[0m Initial LS upperbound:  0.14234592433887466
[2m[36m(pid=36355)[0m Initial LS upperbound:  0.12339066956844372
[2m[36m(pid=36361)[0m Initial LS upperbound:  0.13853212249491942
[2m[36m(pid=36327)[0m Initial LS upperbound:  0.10087438815721747
[2m[36m(pid=36307)[0m Initial LS upperbound:  0.18659373922087008
[2m[36m(pid=36324)[0m Initial LS upperbound:  0.1454094694220922
[2m[36m(pid=36328)[0m Initial LS upperbound:  0.13612804796513156
