2020-10-26 08:12:59,067	INFO services.py:1164 -- View the Ray dashboard at [1m[32mhttp://127.0.0.1:8266[39m[22m
Assuming the default: 30
Running experiments on 30 threads
[2m[36m(pid=26523)[0m Writing output to exp_mod/bin/results30.npz
[2m[36m(pid=26510)[0m Writing output to exp_mod/bin/results6.npz
[2m[36m(pid=26552)[0m Writing output to exp_mod/bin/results23.npz
[2m[36m(pid=26526)[0m Writing output to exp_mod/bin/results11.npz
[2m[36m(pid=26518)[0m Writing output to exp_mod/bin/results26.npz
[2m[36m(pid=26543)[0m Writing output to exp_mod/bin/results2.npz
[2m[36m(pid=26506)[0m Writing output to exp_mod/bin/results13.npz
[2m[36m(pid=26529)[0m Writing output to exp_mod/bin/results29.npz
[2m[36m(pid=26499)[0m Writing output to exp_mod/bin/results7.npz
[2m[36m(pid=26533)[0m Writing output to exp_mod/bin/results1.npz
[2m[36m(pid=26541)[0m Writing output to exp_mod/bin/results16.npz
[2m[36m(pid=26551)[0m Writing output to exp_mod/bin/results3.npz
[2m[36m(pid=26501)[0m Writing output to exp_mod/bin/results14.npz
[2m[36m(pid=26553)[0m Writing output to exp_mod/bin/results8.npz
[2m[36m(pid=26513)[0m Writing output to exp_mod/bin/results18.npz
[2m[36m(pid=26538)[0m Writing output to exp_mod/bin/results28.npz
[2m[36m(pid=26524)[0m Writing output to exp_mod/bin/results10.npz
[2m[36m(pid=26546)[0m Writing output to exp_mod/bin/results22.npz
[2m[36m(pid=26545)[0m Writing output to exp_mod/bin/results4.npz
[2m[36m(pid=26500)[0m Writing output to exp_mod/bin/results25.npz
[2m[36m(pid=26498)[0m Writing output to exp_mod/bin/results21.npz
[2m[36m(pid=26547)[0m Writing output to exp_mod/bin/results12.npz
[2m[36m(pid=26505)[0m Writing output to exp_mod/bin/results15.npz
[2m[36m(pid=26540)[0m Writing output to exp_mod/bin/results9.npz
[2m[36m(pid=26532)[0m Writing output to exp_mod/bin/results24.npz
[2m[36m(pid=26539)[0m Writing output to exp_mod/bin/results17.npz
[2m[36m(pid=26549)[0m Writing output to exp_mod/bin/results5.npz
[2m[36m(pid=26525)[0m Writing output to exp_mod/bin/results27.npz
[2m[36m(pid=26527)[0m Writing output to exp_mod/bin/results20.npz
[2m[36m(pid=26508)[0m Writing output to exp_mod/bin/results19.npz
[2m[36m(pid=26513)[0m [(worker 18/30) simple_logistic   trial 1/1, m 0.2]LS fHat over test data: 1.2623922772, upper bound: 0.0782800665
[2m[36m(pid=26552)[0m [(worker 23/30) simple_logistic   trial 1/1, m 0.2]LS fHat over test data: 1.1000600282, upper bound: 0.0809088587
[2m[36m(pid=26546)[0m [(worker 22/30) simple_logistic   trial 1/1, m 0.2]LS fHat over test data: 1.1915877856, upper bound: 0.0831720260
[2m[36m(pid=26533)[0m [(worker 1/30) simple_logistic   trial 1/1, m 0.2]LS fHat over test data: 1.3072926865, upper bound: 0.0744438735
[2m[36m(pid=26523)[0m [(worker 30/30) simple_logistic   trial 1/1, m 0.2]LS fHat over test data: 1.2243996232, upper bound: 0.0905438229
[2m[36m(pid=26506)[0m [(worker 13/30) simple_logistic   trial 1/1, m 0.2]LS fHat over test data: 1.2796616654, upper bound: 0.0847315620
[2m[36m(pid=26553)[0m [(worker 8/30) simple_logistic   trial 1/1, m 0.2]LS fHat over test data: 1.1950416633, upper bound: 0.0895684137
[2m[36m(pid=26508)[0m [(worker 19/30) simple_logistic   trial 1/1, m 0.2]LS fHat over test data: 1.3090196254, upper bound: 0.0792478897
[2m[36m(pid=26499)[0m [(worker 7/30) simple_logistic   trial 1/1, m 0.2]LS fHat over test data: 1.1967686021, upper bound: 0.0739080719
[2m[36m(pid=26539)[0m [(worker 17/30) simple_logistic   trial 1/1, m 0.2]LS fHat over test data: 1.2865694207, upper bound: 0.0696483503
[2m[36m(pid=26541)[0m [(worker 16/30) simple_logistic   trial 1/1, m 0.2]LS fHat over test data: 1.3038388089, upper bound: 0.0858370540
[2m[36m(pid=26500)[0m [(worker 25/30) simple_logistic   trial 1/1, m 0.2]LS fHat over test data: 1.2882963595, upper bound: 0.0757939001
[2m[36m(pid=26518)[0m [(worker 26/30) simple_logistic   trial 1/1, m 0.2]LS fHat over test data: 1.2347612561, upper bound: 0.0976997151
[2m[36m(pid=26527)[0m [(worker 20/30) simple_logistic   trial 1/1, m 0.2]LS fHat over test data: 1.2330343173, upper bound: 0.0925076036
[2m[36m(pid=26545)[0m [(worker 4/30) simple_logistic   trial 1/1, m 0.2]LS fHat over test data: 1.2848424819, upper bound: 0.0894460409
[2m[36m(pid=26525)[0m [(worker 27/30) simple_logistic   trial 1/1, m 0.2]LS fHat over test data: 1.1639567645, upper bound: 0.0699207983
[2m[36m(pid=26543)[0m [(worker 2/30) simple_logistic   trial 1/1, m 0.2]LS fHat over test data: 1.1760453362, upper bound: 0.0841781854
[2m[36m(pid=26540)[0m [(worker 9/30) simple_logistic   trial 1/1, m 0.2]LS fHat over test data: 1.2554845220, upper bound: 0.0811304033
[2m[36m(pid=26547)[0m [(worker 12/30) simple_logistic   trial 1/1, m 0.2]LS fHat over test data: 1.2606653384, upper bound: 0.0806934825
[2m[36m(pid=26498)[0m [(worker 21/30) simple_logistic   trial 1/1, m 0.2]LS fHat over test data: 1.3262890136, upper bound: 0.0832403294
[2m[36m(pid=26532)[0m [(worker 24/30) simple_logistic   trial 1/1, m 0.2]LS fHat over test data: 1.2123110515, upper bound: 0.0619526959
[2m[36m(pid=26538)[0m [(worker 28/30) simple_logistic   trial 1/1, m 0.2]LS fHat over test data: 1.2658461549, upper bound: 0.0944693698
[2m[36m(pid=26510)[0m [(worker 6/30) simple_logistic   trial 1/1, m 0.2]LS fHat over test data: 1.2278535008, upper bound: 0.0895711301
[2m[36m(pid=26524)[0m [(worker 10/30) simple_logistic   trial 1/1, m 0.2]LS fHat over test data: 1.2226726844, upper bound: 0.0840128058
[2m[36m(pid=26529)[0m [(worker 29/30) simple_logistic   trial 1/1, m 0.2]LS fHat over test data: 1.3176543195, upper bound: 0.0712558956
[2m[36m(pid=26526)[0m [(worker 11/30) simple_logistic   trial 1/1, m 0.2]LS fHat over test data: 1.2572114608, upper bound: 0.0676400502
[2m[36m(pid=26549)[0m [(worker 5/30) simple_logistic   trial 1/1, m 0.2]LS fHat over test data: 1.1691375810, upper bound: 0.0948137957
[2m[36m(pid=26501)[0m [(worker 14/30) simple_logistic   trial 1/1, m 0.2]LS fHat over test data: 1.1639567645, upper bound: 0.0779695434
[2m[36m(pid=26551)[0m [(worker 3/30) simple_logistic   trial 1/1, m 0.2]LS fHat over test data: 1.2537575831, upper bound: 0.0685568059
[2m[36m(pid=26505)[0m [(worker 15/30) simple_logistic   trial 1/1, m 0.2]LS fHat over test data: 1.2192188067, upper bound: 0.0873219776
[2m[36m(pid=26546)[0m Initial LS upperbound:  0.05848688780606898
[2m[36m(pid=26513)[0m Initial LS upperbound:  0.1259781452333977
[2m[36m(pid=26508)[0m Initial LS upperbound:  0.11546249506739403
[2m[36m(pid=26533)[0m Initial LS upperbound:  0.08551380952739568
[2m[36m(pid=26552)[0m Initial LS upperbound:  0.10007588007014895
[2m[36m(pid=26553)[0m Initial LS upperbound:  0.11298452641558601
[2m[36m(pid=26523)[0m Initial LS upperbound:  0.10904177249790792
[2m[36m(pid=26499)[0m Initial LS upperbound:  0.09244146860231867
[2m[36m(pid=26539)[0m Initial LS upperbound:  0.09426912680418226
[2m[36m(pid=26506)[0m Initial LS upperbound:  0.09066659062752178
[2m[36m(pid=26518)[0m Initial LS upperbound:  0.11467202846780747
[2m[36m(pid=26541)[0m Initial LS upperbound:  0.08986087093226161
[2m[36m(pid=26527)[0m Initial LS upperbound:  0.08813596028374573
[2m[36m(pid=26500)[0m Initial LS upperbound:  0.08965318023729624
[2m[36m(pid=26545)[0m Initial LS upperbound:  0.12129213297074873
[2m[36m(pid=26540)[0m Initial LS upperbound:  0.07211084452115896
[2m[36m(pid=26525)[0m Initial LS upperbound:  0.10301495089469487
[2m[36m(pid=26543)[0m Initial LS upperbound:  0.10598229102504247
[2m[36m(pid=26547)[0m Initial LS upperbound:  0.10385971529541471
[2m[36m(pid=26510)[0m Initial LS upperbound:  0.1172847830018171
[2m[36m(pid=26498)[0m Initial LS upperbound:  0.09605635576701202
[2m[36m(pid=26532)[0m Initial LS upperbound:  0.11178264227635937
[2m[36m(pid=26538)[0m Initial LS upperbound:  0.10575377243676495
[2m[36m(pid=26549)[0m Initial LS upperbound:  0.10245935575878048
[2m[36m(pid=26526)[0m Initial LS upperbound:  0.1038514151987345
[2m[36m(pid=26524)[0m Initial LS upperbound:  0.11441862700478911
[2m[36m(pid=26529)[0m Initial LS upperbound:  0.09629200618327488
