2020-10-26 08:11:40,784	INFO services.py:1164 -- View the Ray dashboard at [1m[32mhttp://127.0.0.1:8265[39m[22m
Assuming the default: 30
Running experiments on 30 threads
[2m[36m(pid=24338)[0m Writing output to exp_opt/bin/results29.npz
[2m[36m(pid=24329)[0m Writing output to exp_opt/bin/results9.npz
[2m[36m(pid=24317)[0m Writing output to exp_opt/bin/results21.npz
[2m[36m(pid=24347)[0m Writing output to exp_opt/bin/results20.npz
[2m[36m(pid=24324)[0m Writing output to exp_opt/bin/results18.npz
[2m[36m(pid=24356)[0m Writing output to exp_opt/bin/results22.npz
[2m[36m(pid=24337)[0m Writing output to exp_opt/bin/results5.npz
[2m[36m(pid=24357)[0m Writing output to exp_opt/bin/results11.npz
[2m[36m(pid=24349)[0m Writing output to exp_opt/bin/results17.npz
[2m[36m(pid=24354)[0m Writing output to exp_opt/bin/results12.npz
[2m[36m(pid=24372)[0m Writing output to exp_opt/bin/results10.npz
[2m[36m(pid=24355)[0m Writing output to exp_opt/bin/results24.npz
[2m[36m(pid=24344)[0m Writing output to exp_opt/bin/results6.npz
[2m[36m(pid=24331)[0m Writing output to exp_opt/bin/results16.npz
[2m[36m(pid=24368)[0m Writing output to exp_opt/bin/results25.npz
[2m[36m(pid=24318)[0m Writing output to exp_opt/bin/results30.npz
[2m[36m(pid=24336)[0m Writing output to exp_opt/bin/results7.npz
[2m[36m(pid=24316)[0m Writing output to exp_opt/bin/results26.npz
[2m[36m(pid=24363)[0m Writing output to exp_opt/bin/results2.npz
[2m[36m(pid=24364)[0m Writing output to exp_opt/bin/results1.npz
[2m[36m(pid=24340)[0m Writing output to exp_opt/bin/results23.npz
[2m[36m(pid=24322)[0m Writing output to exp_opt/bin/results4.npz
[2m[36m(pid=24328)[0m Writing output to exp_opt/bin/results13.npz
[2m[36m(pid=24351)[0m Writing output to exp_opt/bin/results14.npz
[2m[36m(pid=24335)[0m Writing output to exp_opt/bin/results19.npz
[2m[36m(pid=24341)[0m Writing output to exp_opt/bin/results27.npz
[2m[36m(pid=24350)[0m Writing output to exp_opt/bin/results8.npz
[2m[36m(pid=24325)[0m Writing output to exp_opt/bin/results15.npz
[2m[36m(pid=24348)[0m Writing output to exp_opt/bin/results28.npz
[2m[36m(pid=24361)[0m Writing output to exp_opt/bin/results3.npz
[2m[36m(pid=24357)[0m [(worker 11/30) simple_logistic   trial 1/1, m 0.2]LS fHat over test data: 1.2554845220, upper bound: 0.0675091865
[2m[36m(pid=24356)[0m [(worker 22/30) simple_logistic   trial 1/1, m 0.2]LS fHat over test data: 1.1846800303, upper bound: 0.0826532193
[2m[36m(pid=24351)[0m [(worker 14/30) simple_logistic   trial 1/1, m 0.2]LS fHat over test data: 1.1639567645, upper bound: 0.0777392718
[2m[36m(pid=24347)[0m [(worker 20/30) simple_logistic   trial 1/1, m 0.2]LS fHat over test data: 1.2347612561, upper bound: 0.0928651351
[2m[36m(pid=24368)[0m [(worker 25/30) simple_logistic   trial 1/1, m 0.2]LS fHat over test data: 1.2865694207, upper bound: 0.0754331237
[2m[36m(pid=24354)[0m [(worker 12/30) simple_logistic   trial 1/1, m 0.2]LS fHat over test data: 1.2658461549, upper bound: 0.0808518298
[2m[36m(pid=24329)[0m [(worker 9/30) simple_logistic   trial 1/1, m 0.2]LS fHat over test data: 1.2572114608, upper bound: 0.0808005214
[2m[36m(pid=24363)[0m [(worker 2/30) simple_logistic   trial 1/1, m 0.2]LS fHat over test data: 1.1829530915, upper bound: 0.0846997501
[2m[36m(pid=24328)[0m [(worker 13/30) simple_logistic   trial 1/1, m 0.2]LS fHat over test data: 1.2710269713, upper bound: 0.0847727942
[2m[36m(pid=24348)[0m [(worker 28/30) simple_logistic   trial 1/1, m 0.2]LS fHat over test data: 1.2537575831, upper bound: 0.0944803178
[2m[36m(pid=24372)[0m [(worker 10/30) simple_logistic   trial 1/1, m 0.2]LS fHat over test data: 1.2278535008, upper bound: 0.0841729138
[2m[36m(pid=24349)[0m [(worker 17/30) simple_logistic   trial 1/1, m 0.2]LS fHat over test data: 1.2744808490, upper bound: 0.0698759475
[2m[36m(pid=24325)[0m [(worker 15/30) simple_logistic   trial 1/1, m 0.2]LS fHat over test data: 1.2209457456, upper bound: 0.0872210694
[2m[36m(pid=24355)[0m [(worker 24/30) simple_logistic   trial 1/1, m 0.2]LS fHat over test data: 1.2002224797, upper bound: 0.0621880687
[2m[36m(pid=24336)[0m [(worker 7/30) simple_logistic   trial 1/1, m 0.2]LS fHat over test data: 1.2105841126, upper bound: 0.0744931838
[2m[36m(pid=24341)[0m [(worker 27/30) simple_logistic   trial 1/1, m 0.2]LS fHat over test data: 1.1622298257, upper bound: 0.0691002208
[2m[36m(pid=24340)[0m [(worker 23/30) simple_logistic   trial 1/1, m 0.2]LS fHat over test data: 1.0983330894, upper bound: 0.0810083117
[2m[36m(pid=24335)[0m [(worker 19/30) simple_logistic   trial 1/1, m 0.2]LS fHat over test data: 1.3262890136, upper bound: 0.0789361449
[2m[36m(pid=24318)[0m [(worker 30/30) simple_logistic   trial 1/1, m 0.2]LS fHat over test data: 1.2295804397, upper bound: 0.0907079483
[2m[36m(pid=24338)[0m [(worker 29/30) simple_logistic   trial 1/1, m 0.2]LS fHat over test data: 1.3193812583, upper bound: 0.0706959543
[2m[36m(pid=24324)[0m [(worker 18/30) simple_logistic   trial 1/1, m 0.2]LS fHat over test data: 1.2554845220, upper bound: 0.0784495507
[2m[36m(pid=24331)[0m [(worker 16/30) simple_logistic   trial 1/1, m 0.2]LS fHat over test data: 1.3021118701, upper bound: 0.0866270530
[2m[36m(pid=24364)[0m [(worker 1/30) simple_logistic   trial 1/1, m 0.2]LS fHat over test data: 1.2986579924, upper bound: 0.0740257915
[2m[36m(pid=24317)[0m [(worker 21/30) simple_logistic   trial 1/1, m 0.2]LS fHat over test data: 1.3262890136, upper bound: 0.0834701935
[2m[36m(pid=24344)[0m [(worker 6/30) simple_logistic   trial 1/1, m 0.2]LS fHat over test data: 1.2226726844, upper bound: 0.0894148215
[2m[36m(pid=24350)[0m [(worker 8/30) simple_logistic   trial 1/1, m 0.2]LS fHat over test data: 1.2019494185, upper bound: 0.0896257476
[2m[36m(pid=24337)[0m [(worker 5/30) simple_logistic   trial 1/1, m 0.2]LS fHat over test data: 1.1691375810, upper bound: 0.0955038318
[2m[36m(pid=24322)[0m [(worker 4/30) simple_logistic   trial 1/1, m 0.2]LS fHat over test data: 1.2934771760, upper bound: 0.0889501568
[2m[36m(pid=24361)[0m [(worker 3/30) simple_logistic   trial 1/1, m 0.2]LS fHat over test data: 1.2572114608, upper bound: 0.0678968199
[2m[36m(pid=24316)[0m [(worker 26/30) simple_logistic   trial 1/1, m 0.2]LS fHat over test data: 1.2416690114, upper bound: 0.0979896662
[2m[36m(pid=24357)[0m Initial LS upperbound:  0.10005702473076783
[2m[36m(pid=24347)[0m Initial LS upperbound:  0.0853367806644762
[2m[36m(pid=24351)[0m Initial LS upperbound:  0.08404707209379911
[2m[36m(pid=24356)[0m Initial LS upperbound:  0.05468717331508732
[2m[36m(pid=24368)[0m Initial LS upperbound:  0.08808453492530763
[2m[36m(pid=24354)[0m Initial LS upperbound:  0.10121895819929289
[2m[36m(pid=24329)[0m Initial LS upperbound:  0.069050112847577
[2m[36m(pid=24363)[0m Initial LS upperbound:  0.10366593853859712
[2m[36m(pid=24328)[0m Initial LS upperbound:  0.08623478317339661
[2m[36m(pid=24372)[0m Initial LS upperbound:  0.10951643351073198
[2m[36m(pid=24348)[0m Initial LS upperbound:  0.10558939733150816
[2m[36m(pid=24349)[0m Initial LS upperbound:  0.09137799414471534
[2m[36m(pid=24336)[0m Initial LS upperbound:  0.0883984144056846
[2m[36m(pid=24355)[0m Initial LS upperbound:  0.10843450978835564
[2m[36m(pid=24341)[0m Initial LS upperbound:  0.10217299784588199
[2m[36m(pid=24325)[0m Initial LS upperbound:  0.06806698606445916
[2m[36m(pid=24318)[0m Initial LS upperbound:  0.10647580241973162
[2m[36m(pid=24364)[0m Initial LS upperbound:  0.08461520488785398
[2m[36m(pid=24324)[0m Initial LS upperbound:  0.1233419195328907
[2m[36m(pid=24338)[0m Initial LS upperbound:  0.09289962039097596
[2m[36m(pid=24335)[0m Initial LS upperbound:  0.11204384857875377
[2m[36m(pid=24340)[0m Initial LS upperbound:  0.09685811424485288
[2m[36m(pid=24350)[0m Initial LS upperbound:  0.11070243249755568
[2m[36m(pid=24331)[0m Initial LS upperbound:  0.08664571035654342
[2m[36m(pid=24337)[0m Initial LS upperbound:  0.09954766674524701
[2m[36m(pid=24322)[0m Initial LS upperbound:  0.11725199400997302
[2m[36m(pid=24317)[0m Initial LS upperbound:  0.09144267506062637
