2020-10-26 08:44:49,340	INFO services.py:1164 -- View the Ray dashboard at [1m[32mhttp://127.0.0.1:8265[39m[22m
Assuming the default: 30
Running experiments on 30 threads
[2m[36m(pid=27402)[0m Writing output to exp/exp_mod/bin/results7.npz
[2m[36m(pid=27415)[0m Writing output to exp/exp_mod/bin/results13.npz
[2m[36m(pid=27407)[0m Writing output to exp/exp_mod/bin/results1.npz
[2m[36m(pid=27399)[0m Writing output to exp/exp_mod/bin/results22.npz
[2m[36m(pid=27412)[0m Writing output to exp/exp_mod/bin/results3.npz
[2m[36m(pid=27388)[0m Writing output to exp/exp_mod/bin/results30.npz
[2m[36m(pid=27374)[0m Writing output to exp/exp_mod/bin/results12.npz
[2m[36m(pid=27379)[0m Writing output to exp/exp_mod/bin/results25.npz
[2m[36m(pid=27391)[0m Writing output to exp/exp_mod/bin/results15.npz
[2m[36m(pid=27383)[0m Writing output to exp/exp_mod/bin/results18.npz
[2m[36m(pid=27396)[0m Writing output to exp/exp_mod/bin/results2.npz
[2m[36m(pid=27424)[0m Writing output to exp/exp_mod/bin/results27.npz
[2m[36m(pid=27386)[0m Writing output to exp/exp_mod/bin/results19.npz
[2m[36m(pid=27406)[0m Writing output to exp/exp_mod/bin/results8.npz
[2m[36m(pid=27411)[0m Writing output to exp/exp_mod/bin/results4.npz
[2m[36m(pid=27414)[0m Writing output to exp/exp_mod/bin/results21.npz
[2m[36m(pid=27395)[0m Writing output to exp/exp_mod/bin/results28.npz
[2m[36m(pid=27381)[0m Writing output to exp/exp_mod/bin/results9.npz
[2m[36m(pid=27384)[0m Writing output to exp/exp_mod/bin/results29.npz
[2m[36m(pid=27372)[0m Writing output to exp/exp_mod/bin/results17.npz
[2m[36m(pid=27371)[0m Writing output to exp/exp_mod/bin/results26.npz
[2m[36m(pid=27397)[0m Writing output to exp/exp_mod/bin/results16.npz
[2m[36m(pid=27385)[0m Writing output to exp/exp_mod/bin/results6.npz
[2m[36m(pid=27370)[0m Writing output to exp/exp_mod/bin/results11.npz
[2m[36m(pid=27404)[0m Writing output to exp/exp_mod/bin/results5.npz
[2m[36m(pid=27398)[0m Writing output to exp/exp_mod/bin/results10.npz
[2m[36m(pid=27420)[0m Writing output to exp/exp_mod/bin/results23.npz
[2m[36m(pid=27375)[0m Writing output to exp/exp_mod/bin/results14.npz
[2m[36m(pid=27409)[0m Writing output to exp/exp_mod/bin/results20.npz
[2m[36m(pid=27410)[0m Writing output to exp/exp_mod/bin/results24.npz
[2m[36m(pid=27397)[0m [(worker 16/30) simple_logistic   trial 1/1, m 0.2]LS fHat over test data: 1.6017357553, upper bound: 0.0847882048
[2m[36m(pid=27404)[0m [(worker 5/30) simple_logistic   trial 1/1, m 0.2]LS fHat over test data: 1.4635806497, upper bound: 0.1293420581
[2m[36m(pid=27375)[0m [(worker 14/30) simple_logistic   trial 1/1, m 0.2]LS fHat over test data: 1.4463112615, upper bound: 0.1054640689
[2m[36m(pid=27370)[0m [(worker 11/30) simple_logistic   trial 1/1, m 0.2]LS fHat over test data: 1.6146877965, upper bound: 0.0693220135
[2m[36m(pid=27386)[0m [(worker 19/30) simple_logistic   trial 1/1, m 0.2]LS fHat over test data: 1.5628796319, upper bound: 0.0938281746
[2m[36m(pid=27411)[0m [(worker 4/30) simple_logistic   trial 1/1, m 0.2]LS fHat over test data: 1.6708133081, upper bound: 0.1041537496
[2m[36m(pid=27372)[0m [(worker 17/30) simple_logistic   trial 1/1, m 0.2]LS fHat over test data: 1.5283408555, upper bound: 0.0739135744
[2m[36m(pid=27381)[0m [(worker 9/30) simple_logistic   trial 1/1, m 0.2]LS fHat over test data: 1.5240235084, upper bound: 0.0946653381
[2m[36m(pid=27395)[0m [(worker 28/30) simple_logistic   trial 1/1, m 0.2]LS fHat over test data: 1.5326582025, upper bound: 0.1170144433
[2m[36m(pid=27402)[0m [(worker 7/30) simple_logistic   trial 1/1, m 0.2]LS fHat over test data: 1.4851673850, upper bound: 0.0998329362
[2m[36m(pid=27409)[0m [(worker 20/30) simple_logistic   trial 1/1, m 0.2]LS fHat over test data: 1.4592633027, upper bound: 0.1216429013
[2m[36m(pid=27399)[0m [(worker 22/30) simple_logistic   trial 1/1, m 0.2]LS fHat over test data: 1.4981194261, upper bound: 0.0873902481
[2m[36m(pid=27415)[0m [(worker 13/30) simple_logistic   trial 1/1, m 0.2]LS fHat over test data: 1.5456102437, upper bound: 0.1059059467
[2m[36m(pid=27398)[0m [(worker 10/30) simple_logistic   trial 1/1, m 0.2]LS fHat over test data: 1.5671969789, upper bound: 0.1172926986
[2m[36m(pid=27384)[0m [(worker 29/30) simple_logistic   trial 1/1, m 0.2]LS fHat over test data: 1.6578612670, upper bound: 0.0993614177
[2m[36m(pid=27388)[0m [(worker 30/30) simple_logistic   trial 1/1, m 0.2]LS fHat over test data: 1.5283408555, upper bound: 0.1074045683
[2m[36m(pid=27424)[0m [(worker 27/30) simple_logistic   trial 1/1, m 0.2]LS fHat over test data: 1.4506286086, upper bound: 0.0881168149
[2m[36m(pid=27406)[0m [(worker 8/30) simple_logistic   trial 1/1, m 0.2]LS fHat over test data: 1.5628796319, upper bound: 0.1172627455
[2m[36m(pid=27410)[0m [(worker 24/30) simple_logistic   trial 1/1, m 0.2]LS fHat over test data: 1.5067541202, upper bound: 0.0587163717
[2m[36m(pid=27379)[0m [(worker 25/30) simple_logistic   trial 1/1, m 0.2]LS fHat over test data: 1.7226214727, upper bound: 0.1089101009
[2m[36m(pid=27414)[0m [(worker 21/30) simple_logistic   trial 1/1, m 0.2]LS fHat over test data: 1.6017357553, upper bound: 0.1119483449
[2m[36m(pid=27371)[0m [(worker 26/30) simple_logistic   trial 1/1, m 0.2]LS fHat over test data: 1.5801490201, upper bound: 0.1125607090
[2m[36m(pid=27385)[0m [(worker 6/30) simple_logistic   trial 1/1, m 0.2]LS fHat over test data: 1.5715143260, upper bound: 0.1231964263
[2m[36m(pid=27374)[0m [(worker 12/30) simple_logistic   trial 1/1, m 0.2]LS fHat over test data: 1.6405918788, upper bound: 0.1064102473
[2m[36m(pid=27391)[0m [(worker 15/30) simple_logistic   trial 1/1, m 0.2]LS fHat over test data: 1.5456102437, upper bound: 0.0890133067
[2m[36m(pid=27396)[0m [(worker 2/30) simple_logistic   trial 1/1, m 0.2]LS fHat over test data: 1.4290418733, upper bound: 0.1004212603
[2m[36m(pid=27420)[0m [(worker 23/30) simple_logistic   trial 1/1, m 0.2]LS fHat over test data: 1.3642816676, upper bound: 0.0932634536
[2m[36m(pid=27383)[0m [(worker 18/30) simple_logistic   trial 1/1, m 0.2]LS fHat over test data: 1.6017357553, upper bound: 0.0923065429
[2m[36m(pid=27407)[0m [(worker 1/30) simple_logistic   trial 1/1, m 0.2]LS fHat over test data: 1.7269388197, upper bound: 0.1112888055
[2m[36m(pid=27412)[0m [(worker 3/30) simple_logistic   trial 1/1, m 0.2]LS fHat over test data: 1.5024367732, upper bound: 0.0857628755
[2m[36m(pid=27397)[0m Initial LS upperbound:  0.12970623109714063
[2m[36m(pid=27386)[0m Initial LS upperbound:  0.15873668307164798
[2m[36m(pid=27370)[0m Initial LS upperbound:  0.11182905666276
[2m[36m(pid=27409)[0m Initial LS upperbound:  0.1453518952665005
[2m[36m(pid=27411)[0m Initial LS upperbound:  0.15549994204936385
[2m[36m(pid=27375)[0m Initial LS upperbound:  0.10070992301083012
[2m[36m(pid=27404)[0m Initial LS upperbound:  0.12957628501450344
[2m[36m(pid=27372)[0m Initial LS upperbound:  0.14009695925644136
[2m[36m(pid=27402)[0m Initial LS upperbound:  0.1016932880093033
[2m[36m(pid=27399)[0m Initial LS upperbound:  0.07186978866367968
[2m[36m(pid=27415)[0m Initial LS upperbound:  0.12115010100083679
[2m[36m(pid=27395)[0m Initial LS upperbound:  0.14240247214452506
[2m[36m(pid=27381)[0m Initial LS upperbound:  0.09964153186491714
[2m[36m(pid=27398)[0m Initial LS upperbound:  0.1630736781986281
[2m[36m(pid=27406)[0m Initial LS upperbound:  0.14393793520006215
[2m[36m(pid=27384)[0m Initial LS upperbound:  0.1429934874517362
[2m[36m(pid=27388)[0m Initial LS upperbound:  0.1344901153486759
[2m[36m(pid=27424)[0m Initial LS upperbound:  0.144053366978093
[2m[36m(pid=27410)[0m Initial LS upperbound:  0.18627344608531157
[2m[36m(pid=27379)[0m Initial LS upperbound:  0.13962363525572674
[2m[36m(pid=27396)[0m Initial LS upperbound:  0.12385252926614371
[2m[36m(pid=27414)[0m Initial LS upperbound:  0.14188977681784082
[2m[36m(pid=27371)[0m Initial LS upperbound:  0.13500580286219388
[2m[36m(pid=27374)[0m Initial LS upperbound:  0.1289923999686051
[2m[36m(pid=27385)[0m Initial LS upperbound:  0.11333559593251238
